# JRE version: 7.0_17-b02
# Java VM: Java HotSpot(TM) 64-Bit Server VM (23.7-b01 mixed mode windows-amd64 compressed oops)
Heap
 PSYoungGen      total 268992K, used 111825K [0x00000007d6f60000, 0x00000007f8fe0000, 0x0000000800000000)
  eden space 251392K, 37% used [0x00000007d6f60000,0x00000007dcb68e30,0x00000007e64e0000)
  from space 17600K, 99% used [0x00000007e64e0000,0x00000007e760b7a8,0x00000007e7610000)
  to   space 27392K, 0% used [0x00000007f7520000,0x00000007f7520000,0x00000007f8fe0000)
 ParOldGen       total 84096K, used 43245K [0x0000000784e00000, 0x000000078a020000, 0x00000007d6f60000)
  object space 84096K, 51% used [0x0000000784e00000,0x000000078783b798,0x000000078a020000)
 PSPermGen       total 52928K, used 52788K [0x000000077fc00000, 0x0000000782fb0000, 0x0000000784e00000)
  object space 52928K, 99% used [0x000000077fc00000,0x0000000782f8d228,0x0000000782fb0000)
GC Heap History (10 events):
Event: 1.100 GC heap before
{Heap before GC invocations=3 (full 0):
 PSYoungGen      total 68224K, used 68216K [0x00000007d6f60000, 0x00000007db720000, 0x0000000800000000)
  eden space 62976K, 100% used [0x00000007d6f60000,0x00000007dace0000,0x00000007dace0000)
  from space 5248K, 99% used [0x00000007db200000,0x00000007db71e350,0x00000007db720000)
  to   space 5248K, 0% used [0x00000007dace0000,0x00000007dace0000,0x00000007db200000)
 ParOldGen       total 84096K, used 5358K [0x0000000784e00000, 0x000000078a020000, 0x00000007d6f60000)
  object space 84096K, 6% used [0x0000000784e00000,0x000000078533bbd8,0x000000078a020000)
 PSPermGen       total 21248K, used 19392K [0x000000077fc00000, 0x00000007810c0000, 0x0000000784e00000)
  object space 21248K, 91% used [0x000000077fc00000,0x0000000780ef01f8,0x00000007810c0000)
Event: 1.111 GC heap after
Heap after GC invocations=3 (full 0):
 PSYoungGen      total 68224K, used 5240K [0x00000007d6f60000, 0x00000007df4a0000, 0x0000000800000000)
  eden space 62976K, 0% used [0x00000007d6f60000,0x00000007d6f60000,0x00000007dace0000)
  from space 5248K, 99% used [0x00000007dace0000,0x00000007db1fe030,0x00000007db200000)
  to   space 5248K, 0% used [0x00000007def80000,0x00000007def80000,0x00000007df4a0000)
 ParOldGen       total 84096K, used 10455K [0x0000000784e00000, 0x000000078a020000, 0x00000007d6f60000)
  object space 84096K, 12% used [0x0000000784e00000,0x0000000785835e78,0x000000078a020000)
 PSPermGen       total 21248K, used 19392K [0x000000077fc00000, 0x00000007810c0000, 0x0000000784e00000)
  object space 21248K, 91% used [0x000000077fc00000,0x0000000780ef01f8,0x00000007810c0000)
}
Event: 1.433 GC heap before
{Heap before GC invocations=4 (full 0):
 PSYoungGen      total 68224K, used 68216K [0x00000007d6f60000, 0x00000007df4a0000, 0x0000000800000000)
  eden space 62976K, 100% used [0x00000007d6f60000,0x00000007dace0000,0x00000007dace0000)
  from space 5248K, 99% used [0x00000007dace0000,0x00000007db1fe030,0x00000007db200000)
  to   space 5248K, 0% used [0x00000007def80000,0x00000007def80000,0x00000007df4a0000)
 ParOldGen       total 84096K, used 10455K [0x0000000784e00000, 0x000000078a020000, 0x00000007d6f60000)
  object space 84096K, 12% used [0x0000000784e00000,0x0000000785835e78,0x000000078a020000)
 PSPermGen       total 21248K, used 20532K [0x000000077fc00000, 0x00000007810c0000, 0x0000000784e00000)
  object space 21248K, 96% used [0x000000077fc00000,0x000000078100d3a8,0x00000007810c0000)
Event: 1.445 GC heap after
Heap after GC invocations=4 (full 0):
 PSYoungGen      total 131200K, used 5240K [0x00000007d6f60000, 0x00000007df4a0000, 0x0000000800000000)
  eden space 125952K, 0% used [0x00000007d6f60000,0x00000007d6f60000,0x00000007dea60000)
  from space 5248K, 99% used [0x00000007def80000,0x00000007df49e010,0x00000007df4a0000)
  to   space 5248K, 0% used [0x00000007dea60000,0x00000007dea60000,0x00000007def80000)
 ParOldGen       total 84096K, used 16980K [0x0000000784e00000, 0x000000078a020000, 0x00000007d6f60000)
  object space 84096K, 20% used [0x0000000784e00000,0x0000000785e95388,0x000000078a020000)
 PSPermGen       total 21248K, used 20532K [0x000000077fc00000, 0x00000007810c0000, 0x0000000784e00000)
  object space 21248K, 96% used [0x000000077fc00000,0x000000078100d3a8,0x00000007810c0000)
}
Event: 2.222 GC heap before
{Heap before GC invocations=5 (full 0):
 PSYoungGen      total 131200K, used 131192K [0x00000007d6f60000, 0x00000007df4a0000, 0x0000000800000000)
  eden space 125952K, 100% used [0x00000007d6f60000,0x00000007dea60000,0x00000007dea60000)
  from space 5248K, 99% used [0x00000007def80000,0x00000007df49e010,0x00000007df4a0000)
  to   space 5248K, 0% used [0x00000007dea60000,0x00000007dea60000,0x00000007def80000)
 ParOldGen       total 84096K, used 16980K [0x0000000784e00000, 0x000000078a020000, 0x00000007d6f60000)
  object space 84096K, 20% used [0x0000000784e00000,0x0000000785e95388,0x000000078a020000)
 PSPermGen       total 23744K, used 23736K [0x000000077fc00000, 0x0000000781330000, 0x0000000784e00000)
  object space 23744K, 99% used [0x000000077fc00000,0x000000078132e230,0x0000000781330000)
Event: 2.236 GC heap after
Heap after GC invocations=5 (full 0):
 PSYoungGen      total 131200K, used 5226K [0x00000007d6f60000, 0x00000007e86c0000, 0x0000000800000000)
  eden space 125952K, 0% used [0x00000007d6f60000,0x00000007d6f60000,0x00000007dea60000)
  from space 5248K, 99% used [0x00000007dea60000,0x00000007def7a900,0x00000007def80000)
  to   space 17088K, 0% used [0x00000007e7610000,0x00000007e7610000,0x00000007e86c0000)
 ParOldGen       total 84096K, used 28149K [0x0000000784e00000, 0x000000078a020000, 0x00000007d6f60000)
  object space 84096K, 33% used [0x0000000784e00000,0x000000078697d468,0x000000078a020000)
 PSPermGen       total 23744K, used 23736K [0x000000077fc00000, 0x0000000781330000, 0x0000000784e00000)
  object space 23744K, 99% used [0x000000077fc00000,0x000000078132e230,0x0000000781330000)
}
Event: 3.012 GC heap before
{Heap before GC invocations=6 (full 0):
 PSYoungGen      total 131200K, used 131178K [0x00000007d6f60000, 0x00000007e86c0000, 0x0000000800000000)
  eden space 125952K, 100% used [0x00000007d6f60000,0x00000007dea60000,0x00000007dea60000)
  from space 5248K, 99% used [0x00000007dea60000,0x00000007def7a900,0x00000007def80000)
  to   space 17088K, 0% used [0x00000007e7610000,0x00000007e7610000,0x00000007e86c0000)
 ParOldGen       total 84096K, used 28149K [0x0000000784e00000, 0x000000078a020000, 0x00000007d6f60000)
  object space 84096K, 33% used [0x0000000784e00000,0x000000078697d468,0x000000078a020000)
 PSPermGen       total 29504K, used 29443K [0x000000077fc00000, 0x00000007818d0000, 0x0000000784e00000)
  object space 29504K, 99% used [0x000000077fc00000,0x00000007818c0e58,0x00000007818d0000)
Event: 3.027 GC heap after
Heap after GC invocations=6 (full 0):
 PSYoungGen      total 268480K, used 13502K [0x00000007d6f60000, 0x00000007e87c0000, 0x0000000800000000)
  eden space 251392K, 0% used [0x00000007d6f60000,0x00000007d6f60000,0x00000007e64e0000)
  from space 17088K, 79% used [0x00000007e7610000,0x00000007e833fbc0,0x00000007e86c0000)
  to   space 17600K, 0% used [0x00000007e64e0000,0x00000007e64e0000,0x00000007e7610000)
 ParOldGen       total 84096K, used 28157K [0x0000000784e00000, 0x000000078a020000, 0x00000007d6f60000)
  object space 84096K, 33% used [0x0000000784e00000,0x000000078697f468,0x000000078a020000)
 PSPermGen       total 29504K, used 29443K [0x000000077fc00000, 0x00000007818d0000, 0x0000000784e00000)
  object space 29504K, 99% used [0x000000077fc00000,0x00000007818c0e58,0x00000007818d0000)
}
Event: 4.947 GC heap before
{Heap before GC invocations=7 (full 0):
 PSYoungGen      total 268480K, used 264894K [0x00000007d6f60000, 0x00000007e87c0000, 0x0000000800000000)
  eden space 251392K, 100% used [0x00000007d6f60000,0x00000007e64e0000,0x00000007e64e0000)
  from space 17088K, 79% used [0x00000007e7610000,0x00000007e833fbc0,0x00000007e86c0000)
  to   space 17600K, 0% used [0x00000007e64e0000,0x00000007e64e0000,0x00000007e7610000)
 ParOldGen       total 84096K, used 28157K [0x0000000784e00000, 0x000000078a020000, 0x00000007d6f60000)
  object space 84096K, 33% used [0x0000000784e00000,0x000000078697f468,0x000000078a020000)
 PSPermGen       total 50240K, used 50225K [0x000000077fc00000, 0x0000000782d10000, 0x0000000784e00000)
  object space 50240K, 99% used [0x000000077fc00000,0x0000000782d0c7a0,0x0000000782d10000)
Event: 5.002 GC heap after
Heap after GC invocations=7 (full 0):
 PSYoungGen      total 268992K, used 17581K [0x00000007d6f60000, 0x00000007f8fe0000, 0x0000000800000000)
  eden space 251392K, 0% used [0x00000007d6f60000,0x00000007d6f60000,0x00000007e64e0000)
  from space 17600K, 99% used [0x00000007e64e0000,0x00000007e760b7a8,0x00000007e7610000)
  to   space 27392K, 0% used [0x00000007f7520000,0x00000007f7520000,0x00000007f8fe0000)
 ParOldGen       total 84096K, used 43245K [0x0000000784e00000, 0x000000078a020000, 0x00000007d6f60000)
  object space 84096K, 51% used [0x0000000784e00000,0x000000078783b798,0x000000078a020000)
 PSPermGen       total 50240K, used 50225K [0x000000077fc00000, 0x0000000782d10000, 0x0000000784e00000)
  object space 50240K, 99% used [0x000000077fc00000,0x0000000782d0c7a0,0x0000000782d10000)
}

